<?xml version="1.0" encoding="utf-8"?><testsuites name="pytest tests"><testsuite name="pytest" errors="0" failures="0" skipped="0" tests="12" time="15.433" timestamp="2026-04-20T06:03:52.655515+00:00" hostname="agent-env-0838f357-923c-40c5-b7fe-dad3e80ead07"><testcase classname="tests.test_agentic_builder.TestHealth" name="test_root_health" time="0.232" /><testcase classname="tests.test_agentic_builder.TestModels" name="test_scan" time="0.051" /><testcase classname="tests.test_agentic_builder.TestModels" name="test_list" time="0.063" /><testcase classname="tests.test_agentic_builder.TestPhases" name="test_phases" time="0.046" /><testcase classname="tests.test_agentic_builder.TestTasks" name="test_create_and_list_task" time="0.102" /><testcase classname="tests.test_agentic_builder.TestRuns" name="test_run_start_requires_spec_or_task" time="0.044" /><testcase classname="tests.test_agentic_builder.TestRuns" name="test_run_not_found" time="0.045" /><testcase classname="tests.test_agentic_builder.TestRuns" name="test_get_run_and_events_progress" time="6.811" /><testcase classname="tests.test_agentic_builder.TestRuns" name="test_list_runs" time="0.046" /><testcase classname="tests.test_agentic_builder.TestRuns" name="test_latest_summary" time="0.052" /><testcase classname="tests.test_agentic_builder.TestRuns" name="test_run_completes_eventually" time="7.728" /><testcase classname="tests.test_agentic_builder.TestDownload" name="test_phase1_zip" time="0.049" /></testsuite></testsuites>